<?xml version="1.0" encoding="UTF-8"?>
<testsuite xmlns:xsi="http://www.w3.org/2001/XMLSchema-instance" xsi:noNamespaceSchemaLocation="https://maven.apache.org/surefire/maven-failsafe-plugin/xsd/failsafe-test-report-3.0.xsd" version="3.0" name="com.epam.brest.dao.jdbc.DepartmentDaoJdbcIT" time="2.812" tests="7" errors="0" skipped="0" failures="0">
  <properties>
[...]
</properties>
  <testcase name="updateDepartmentTest" classname="com.epam.brest.dao.jdbc.DepartmentDaoJdbcIT" time="0.654"/>
  <testcase name="createDepartmentTest" classname="com.epam.brest.dao.jdbc.DepartmentDaoJdbcIT" time="0.019"/>
  <testcase name="createDepartmentWithSameNameTest" classname="com.epam.brest.dao.jdbc.DepartmentDaoJdbcIT" time="0.012"/>
  <testcase name="createDepartmentWithSameNameDiffCaseTest" classname="com.epam.brest.dao.jdbc.DepartmentDaoJdbcIT" time="0.018"/>
  <testcase name="findAllTest" classname="com.epam.brest.dao.jdbc.DepartmentDaoJdbcIT" time="0.007"/>
  <testcase name="findByIdExceptionalTest" classname="com.epam.brest.dao.jdbc.DepartmentDaoJdbcIT" time="0.006"/>
  <testcase name="findByIdTest" classname="com.epam.brest.dao.jdbc.DepartmentDaoJdbcIT" time="0.008"/>
</testsuite>